[debug] [2025-07-03T20:39:47.433Z] ----------------------------------------------------------------------
[debug] [2025-07-03T20:39:47.436Z] Command:       C:\Program Files\nodejs\node.exe C:\Users\ECS\AppData\Roaming\npm\node_modules\firebase-tools\lib\bin\firebase.js init
[debug] [2025-07-03T20:39:47.436Z] CLI Version:   14.9.0
[debug] [2025-07-03T20:39:47.436Z] Platform:      win32
[debug] [2025-07-03T20:39:47.437Z] Node Version:  v22.17.0
[debug] [2025-07-03T20:39:47.437Z] Time:          Fri Jul 04 2025 02:09:47 GMT+0530 (India Standard Time)
[debug] [2025-07-03T20:39:47.437Z] ----------------------------------------------------------------------
[debug] 
[debug] [2025-07-03T20:39:47.442Z] > command requires scopes: ["email","openid","https://www.googleapis.com/auth/cloudplatformprojects.readonly","https://www.googleapis.com/auth/firebase","https://www.googleapis.com/auth/cloud-platform"]
[debug] [2025-07-03T20:39:47.443Z] > authorizing via signed-in user (satgpt2025@gmail.com)
[info] 
     ######## #### ########  ######## ########     ###     ######  ########
     ##        ##  ##     ## ##       ##     ##  ##   ##  ##       ##
     ######    ##  ########  ######   ########  #########  ######  ######
     ##        ##  ##    ##  ##       ##     ## ##     ##       ## ##
     ##       #### ##     ## ######## ########  ##     ##  ######  ########

You're about to initialize a Firebase project in this directory:

  C:\Users\ECS\OneDrive\Desktop\SATSoftware

[debug] [2025-07-03T20:39:53.716Z] ExitPromptError: User force closed the prompt with SIGINT
    at Interface.sigint (C:\Users\ECS\AppData\Roaming\npm\node_modules\firebase-tools\node_modules\@inquirer\core\dist\commonjs\lib\create-prompt.js:101:37)
    at Interface.emit (node:events:518:28)
    at Interface.emit (node:domain:489:12)
    at [_ttyWrite] [as _ttyWrite] (node:internal/readline/interface:1132:18)
    at ReadStream.onkeypress (node:internal/readline/interface:271:20)
    at ReadStream.emit (node:events:530:35)
    at ReadStream.emit (node:domain:489:12)
    at emitKeys (node:internal/readline/utils:370:14)
    at emitKeys.next (<anonymous>)
    at ReadStream.onData (node:internal/readline/emitKeypressEvents:64:36)
[error] 
[error] Error: An unexpected error has occurred.
